2020-09-02 22:03:38,440 [11] ERROR Microsoft.EntityFrameworkCore.Database.Command - Failed executing DbCommand (56ms) [Parameters=[@__clientId_0='?' (Size = 200)], CommandType='Text', CommandTimeout='30']
SELECT [c].[Id], [c].[AbsoluteRefreshTokenLifetime], [c].[AccessTokenLifetime], [c].[AccessTokenType], [c].[AllowAccessTokensViaBrowser], [c].[AllowOfflineAccess], [c].[AllowPlainTextPkce], [c].[AllowRememberConsent], [c].[AllowedIdentityTokenSigningAlgorithms], [c].[AlwaysIncludeUserClaimsInIdToken], [c].[AlwaysSendClientClaims], [c].[AuthorizationCodeLifetime], [c].[BackChannelLogoutSessionRequired], [c].[BackChannelLogoutUri], [c].[ClientClaimsPrefix], [c].[ClientId], [c].[ClientName], [c].[ClientUri], [c].[ConsentLifetime], [c].[Created], [c].[Description], [c].[DeviceCodeLifetime], [c].[EnableLocalLogin], [c].[Enabled], [c].[FrontChannelLogoutSessionRequired], [c].[FrontChannelLogoutUri], [c].[IdentityTokenLifetime], [c].[IncludeJwtId], [c].[LastAccessed], [c].[LogoUri], [c].[NonEditable], [c].[PairWiseSubjectSalt], [c].[ProtocolType], [c].[RefreshTokenExpiration], [c].[RefreshTokenUsage], [c].[RequireClientSecret], [c].[RequireConsent], [c].[RequirePkce], [c].[RequireRequestObject], [c].[SlidingRefreshTokenLifetime], [c].[UpdateAccessTokenClaimsOnRefresh], [c].[Updated], [c].[UserCodeType], [c].[UserSsoLifetime]
FROM [Clients] AS [c]
WHERE [c].[ClientId] = @__clientId_0
2020-09-02 22:03:38,466 [11] ERROR Microsoft.EntityFrameworkCore.Query - An exception occurred while iterating over the results of a query for context type 'IdentityServer4.EntityFramework.DbContexts.ConfigurationDbContext'.
Microsoft.Data.SqlClient.SqlException (0x80131904): Invalid object name 'Clients'.
   at Microsoft.Data.SqlClient.SqlCommand.<>c.<ExecuteDbDataReaderAsync>b__164_0(Task`1 result)
   at System.Threading.Tasks.ContinuationResultTaskFromResultTask`2.InnerInvoke()
   at System.Threading.Tasks.Task.<>c.<.cctor>b__274_0(Object obj)
   at System.Threading.ExecutionContext.RunInternal(ExecutionContext executionContext, ContextCallback callback, Object state)
--- End of stack trace from previous location where exception was thrown ---
   at System.Threading.ExecutionContext.RunInternal(ExecutionContext executionContext, ContextCallback callback, Object state)
   at System.Threading.Tasks.Task.ExecuteWithThreadLocal(Task& currentTaskSlot, Thread threadPoolThread)
--- End of stack trace from previous location where exception was thrown ---
   at Microsoft.EntityFrameworkCore.Storage.RelationalCommand.ExecuteReaderAsync(RelationalCommandParameterObject parameterObject, CancellationToken cancellationToken)
   at Microsoft.EntityFrameworkCore.Storage.RelationalCommand.ExecuteReaderAsync(RelationalCommandParameterObject parameterObject, CancellationToken cancellationToken)
   at Microsoft.EntityFrameworkCore.Storage.RelationalCommand.ExecuteReaderAsync(RelationalCommandParameterObject parameterObject, CancellationToken cancellationToken)
   at Microsoft.EntityFrameworkCore.Query.Internal.QueryingEnumerable`1.AsyncEnumerator.InitializeReaderAsync(DbContext _, Boolean result, CancellationToken cancellationToken)
   at Microsoft.EntityFrameworkCore.SqlServer.Storage.Internal.SqlServerExecutionStrategy.ExecuteAsync[TState,TResult](TState state, Func`4 operation, Func`4 verifySucceeded, CancellationToken cancellationToken)
   at Microsoft.EntityFrameworkCore.Query.Internal.QueryingEnumerable`1.AsyncEnumerator.MoveNextAsync()
ClientConnectionId:718f984d-688b-402f-a19c-72ad7b398db7
Error Number:208,State:1,Class:16
Microsoft.Data.SqlClient.SqlException (0x80131904): Invalid object name 'Clients'.
   at Microsoft.Data.SqlClient.SqlCommand.<>c.<ExecuteDbDataReaderAsync>b__164_0(Task`1 result)
   at System.Threading.Tasks.ContinuationResultTaskFromResultTask`2.InnerInvoke()
   at System.Threading.Tasks.Task.<>c.<.cctor>b__274_0(Object obj)
   at System.Threading.ExecutionContext.RunInternal(ExecutionContext executionContext, ContextCallback callback, Object state)
--- End of stack trace from previous location where exception was thrown ---
   at System.Threading.ExecutionContext.RunInternal(ExecutionContext executionContext, ContextCallback callback, Object state)
   at System.Threading.Tasks.Task.ExecuteWithThreadLocal(Task& currentTaskSlot, Thread threadPoolThread)
--- End of stack trace from previous location where exception was thrown ---
   at Microsoft.EntityFrameworkCore.Storage.RelationalCommand.ExecuteReaderAsync(RelationalCommandParameterObject parameterObject, CancellationToken cancellationToken)
   at Microsoft.EntityFrameworkCore.Storage.RelationalCommand.ExecuteReaderAsync(RelationalCommandParameterObject parameterObject, CancellationToken cancellationToken)
   at Microsoft.EntityFrameworkCore.Storage.RelationalCommand.ExecuteReaderAsync(RelationalCommandParameterObject parameterObject, CancellationToken cancellationToken)
   at Microsoft.EntityFrameworkCore.Query.Internal.QueryingEnumerable`1.AsyncEnumerator.InitializeReaderAsync(DbContext _, Boolean result, CancellationToken cancellationToken)
   at Microsoft.EntityFrameworkCore.SqlServer.Storage.Internal.SqlServerExecutionStrategy.ExecuteAsync[TState,TResult](TState state, Func`4 operation, Func`4 verifySucceeded, CancellationToken cancellationToken)
   at Microsoft.EntityFrameworkCore.Query.Internal.QueryingEnumerable`1.AsyncEnumerator.MoveNextAsync()
ClientConnectionId:718f984d-688b-402f-a19c-72ad7b398db7
Error Number:208,State:1,Class:16
2020-09-02 22:03:38,512 [11] ERROR Microsoft.AspNetCore.Diagnostics.DeveloperExceptionPageMiddleware - An unhandled exception has occurred while executing the request.
Microsoft.Data.SqlClient.SqlException (0x80131904): Invalid object name 'Clients'.
   at Microsoft.Data.SqlClient.SqlCommand.<>c.<ExecuteDbDataReaderAsync>b__164_0(Task`1 result)
   at System.Threading.Tasks.ContinuationResultTaskFromResultTask`2.InnerInvoke()
   at System.Threading.Tasks.Task.<>c.<.cctor>b__274_0(Object obj)
   at System.Threading.ExecutionContext.RunInternal(ExecutionContext executionContext, ContextCallback callback, Object state)
--- End of stack trace from previous location where exception was thrown ---
   at System.Threading.ExecutionContext.RunInternal(ExecutionContext executionContext, ContextCallback callback, Object state)
   at System.Threading.Tasks.Task.ExecuteWithThreadLocal(Task& currentTaskSlot, Thread threadPoolThread)
--- End of stack trace from previous location where exception was thrown ---
   at Microsoft.EntityFrameworkCore.Storage.RelationalCommand.ExecuteReaderAsync(RelationalCommandParameterObject parameterObject, CancellationToken cancellationToken)
   at Microsoft.EntityFrameworkCore.Storage.RelationalCommand.ExecuteReaderAsync(RelationalCommandParameterObject parameterObject, CancellationToken cancellationToken)
   at Microsoft.EntityFrameworkCore.Storage.RelationalCommand.ExecuteReaderAsync(RelationalCommandParameterObject parameterObject, CancellationToken cancellationToken)
   at Microsoft.EntityFrameworkCore.Query.Internal.QueryingEnumerable`1.AsyncEnumerator.InitializeReaderAsync(DbContext _, Boolean result, CancellationToken cancellationToken)
   at Microsoft.EntityFrameworkCore.SqlServer.Storage.Internal.SqlServerExecutionStrategy.ExecuteAsync[TState,TResult](TState state, Func`4 operation, Func`4 verifySucceeded, CancellationToken cancellationToken)
   at Microsoft.EntityFrameworkCore.Query.Internal.QueryingEnumerable`1.AsyncEnumerator.MoveNextAsync()
   at Microsoft.EntityFrameworkCore.EntityFrameworkQueryableExtensions.ToListAsync[TSource](IQueryable`1 source, CancellationToken cancellationToken)
   at Microsoft.EntityFrameworkCore.EntityFrameworkQueryableExtensions.ToListAsync[TSource](IQueryable`1 source, CancellationToken cancellationToken)
   at Microsoft.EntityFrameworkCore.EntityFrameworkQueryableExtensions.ToArrayAsync[TSource](IQueryable`1 source, CancellationToken cancellationToken)
   at IdentityServer4.EntityFramework.Stores.ClientStore.FindClientByIdAsync(String clientId)
   at IdentityServer4.Stores.ValidatingClientStore`1.FindClientByIdAsync(String clientId)
   at IdentityServer4.Extensions.ICacheExtensions.GetAsync[T](ICache`1 cache, String key, TimeSpan duration, Func`1 get, ILogger logger)
   at IdentityServer4.Stores.CachingClientStore`1.FindClientByIdAsync(String clientId)
   at IdentityServer4.Stores.IClientStoreExtensions.FindEnabledClientByIdAsync(IClientStore store, String clientId)
   at IdentityServer4.Validation.ClientSecretValidator.ValidateAsync(HttpContext context)
   at IdentityServer4.Endpoints.TokenEndpoint.ProcessTokenRequestAsync(HttpContext context)
   at IdentityServer4.Endpoints.TokenEndpoint.ProcessAsync(HttpContext context)
   at IdentityServer4.Hosting.IdentityServerMiddleware.Invoke(HttpContext context, IEndpointRouter router, IUserSession session, IEventService events, IBackChannelLogoutService backChannelLogoutService)
   at IdentityServer4.Hosting.IdentityServerMiddleware.Invoke(HttpContext context, IEndpointRouter router, IUserSession session, IEventService events, IBackChannelLogoutService backChannelLogoutService)
   at IdentityServer4.Hosting.MutualTlsEndpointMiddleware.Invoke(HttpContext context, IAuthenticationSchemeProvider schemes)
   at Microsoft.AspNetCore.Authentication.AuthenticationMiddleware.Invoke(HttpContext context)
   at IdentityServer4.Hosting.BaseUrlMiddleware.Invoke(HttpContext context)
   at Microsoft.AspNetCore.Diagnostics.DeveloperExceptionPageMiddleware.Invoke(HttpContext context)
ClientConnectionId:718f984d-688b-402f-a19c-72ad7b398db7
Error Number:208,State:1,Class:16
2020-09-02 22:08:49,561 [8] ERROR Microsoft.EntityFrameworkCore.Database.Command - Failed executing DbCommand (3ms) [Parameters=[], CommandType='Text', CommandTimeout='30']
SELECT CASE
    WHEN EXISTS (
        SELECT 1
        FROM [Clients] AS [c]) THEN CAST(1 AS bit)
    ELSE CAST(0 AS bit)
END
2020-09-02 22:08:49,576 [8] ERROR Microsoft.EntityFrameworkCore.Query - An exception occurred while iterating over the results of a query for context type 'IdentityServer4.EntityFramework.DbContexts.ConfigurationDbContext'.
Microsoft.Data.SqlClient.SqlException (0x80131904): Invalid object name 'Clients'.
   at Microsoft.Data.SqlClient.SqlConnection.OnError(SqlException exception, Boolean breakConnection, Action`1 wrapCloseInAction)
   at Microsoft.Data.SqlClient.SqlInternalConnection.OnError(SqlException exception, Boolean breakConnection, Action`1 wrapCloseInAction)
   at Microsoft.Data.SqlClient.TdsParser.ThrowExceptionAndWarning(TdsParserStateObject stateObj, Boolean callerHasConnectionLock, Boolean asyncClose)
   at Microsoft.Data.SqlClient.TdsParser.TryRun(RunBehavior runBehavior, SqlCommand cmdHandler, SqlDataReader dataStream, BulkCopySimpleResultSet bulkCopyHandler, TdsParserStateObject stateObj, Boolean& dataReady)
   at Microsoft.Data.SqlClient.SqlDataReader.TryConsumeMetaData()
   at Microsoft.Data.SqlClient.SqlDataReader.get_MetaData()
   at Microsoft.Data.SqlClient.SqlCommand.FinishExecuteReader(SqlDataReader ds, RunBehavior runBehavior, String resetOptionsString, Boolean isInternal, Boolean forDescribeParameterEncryption, Boolean shouldCacheForAlwaysEncrypted)
   at Microsoft.Data.SqlClient.SqlCommand.RunExecuteReaderTds(CommandBehavior cmdBehavior, RunBehavior runBehavior, Boolean returnStream, Boolean isAsync, Int32 timeout, Task& task, Boolean asyncWrite, Boolean inRetry, SqlDataReader ds, Boolean describeParameterEncryptionRequest)
   at Microsoft.Data.SqlClient.SqlCommand.RunExecuteReader(CommandBehavior cmdBehavior, RunBehavior runBehavior, Boolean returnStream, TaskCompletionSource`1 completion, Int32 timeout, Task& task, Boolean& usedCache, Boolean asyncWrite, Boolean inRetry, String method)
   at Microsoft.Data.SqlClient.SqlCommand.RunExecuteReader(CommandBehavior cmdBehavior, RunBehavior runBehavior, Boolean returnStream, String method)
   at Microsoft.Data.SqlClient.SqlCommand.ExecuteReader(CommandBehavior behavior)
   at Microsoft.Data.SqlClient.SqlCommand.ExecuteDbDataReader(CommandBehavior behavior)
   at System.Data.Common.DbCommand.ExecuteReader()
   at Microsoft.EntityFrameworkCore.Storage.RelationalCommand.ExecuteReader(RelationalCommandParameterObject parameterObject)
   at Microsoft.EntityFrameworkCore.Query.Internal.QueryingEnumerable`1.Enumerator.InitializeReader(DbContext _, Boolean result)
   at Microsoft.EntityFrameworkCore.SqlServer.Storage.Internal.SqlServerExecutionStrategy.Execute[TState,TResult](TState state, Func`3 operation, Func`3 verifySucceeded)
   at Microsoft.EntityFrameworkCore.Query.Internal.QueryingEnumerable`1.Enumerator.MoveNext()
ClientConnectionId:f6c1c6ef-3c58-4897-82f8-835a3933d110
Error Number:208,State:1,Class:16
Microsoft.Data.SqlClient.SqlException (0x80131904): Invalid object name 'Clients'.
   at Microsoft.Data.SqlClient.SqlConnection.OnError(SqlException exception, Boolean breakConnection, Action`1 wrapCloseInAction)
   at Microsoft.Data.SqlClient.SqlInternalConnection.OnError(SqlException exception, Boolean breakConnection, Action`1 wrapCloseInAction)
   at Microsoft.Data.SqlClient.TdsParser.ThrowExceptionAndWarning(TdsParserStateObject stateObj, Boolean callerHasConnectionLock, Boolean asyncClose)
   at Microsoft.Data.SqlClient.TdsParser.TryRun(RunBehavior runBehavior, SqlCommand cmdHandler, SqlDataReader dataStream, BulkCopySimpleResultSet bulkCopyHandler, TdsParserStateObject stateObj, Boolean& dataReady)
   at Microsoft.Data.SqlClient.SqlDataReader.TryConsumeMetaData()
   at Microsoft.Data.SqlClient.SqlDataReader.get_MetaData()
   at Microsoft.Data.SqlClient.SqlCommand.FinishExecuteReader(SqlDataReader ds, RunBehavior runBehavior, String resetOptionsString, Boolean isInternal, Boolean forDescribeParameterEncryption, Boolean shouldCacheForAlwaysEncrypted)
   at Microsoft.Data.SqlClient.SqlCommand.RunExecuteReaderTds(CommandBehavior cmdBehavior, RunBehavior runBehavior, Boolean returnStream, Boolean isAsync, Int32 timeout, Task& task, Boolean asyncWrite, Boolean inRetry, SqlDataReader ds, Boolean describeParameterEncryptionRequest)
   at Microsoft.Data.SqlClient.SqlCommand.RunExecuteReader(CommandBehavior cmdBehavior, RunBehavior runBehavior, Boolean returnStream, TaskCompletionSource`1 completion, Int32 timeout, Task& task, Boolean& usedCache, Boolean asyncWrite, Boolean inRetry, String method)
   at Microsoft.Data.SqlClient.SqlCommand.RunExecuteReader(CommandBehavior cmdBehavior, RunBehavior runBehavior, Boolean returnStream, String method)
   at Microsoft.Data.SqlClient.SqlCommand.ExecuteReader(CommandBehavior behavior)
   at Microsoft.Data.SqlClient.SqlCommand.ExecuteDbDataReader(CommandBehavior behavior)
   at System.Data.Common.DbCommand.ExecuteReader()
   at Microsoft.EntityFrameworkCore.Storage.RelationalCommand.ExecuteReader(RelationalCommandParameterObject parameterObject)
   at Microsoft.EntityFrameworkCore.Query.Internal.QueryingEnumerable`1.Enumerator.InitializeReader(DbContext _, Boolean result)
   at Microsoft.EntityFrameworkCore.SqlServer.Storage.Internal.SqlServerExecutionStrategy.Execute[TState,TResult](TState state, Func`3 operation, Func`3 verifySucceeded)
   at Microsoft.EntityFrameworkCore.Query.Internal.QueryingEnumerable`1.Enumerator.MoveNext()
ClientConnectionId:f6c1c6ef-3c58-4897-82f8-835a3933d110
Error Number:208,State:1,Class:16
2020-09-02 22:10:41,654 [4] ERROR Microsoft.EntityFrameworkCore.Database.Command - Failed executing DbCommand (3ms) [Parameters=[], CommandType='Text', CommandTimeout='30']
SELECT CASE
    WHEN EXISTS (
        SELECT 1
        FROM [Clients] AS [c]) THEN CAST(1 AS bit)
    ELSE CAST(0 AS bit)
END
2020-09-02 22:10:41,668 [4] ERROR Microsoft.EntityFrameworkCore.Query - An exception occurred while iterating over the results of a query for context type 'IdentityServer4.EntityFramework.DbContexts.ConfigurationDbContext'.
Microsoft.Data.SqlClient.SqlException (0x80131904): Invalid object name 'Clients'.
   at Microsoft.Data.SqlClient.SqlConnection.OnError(SqlException exception, Boolean breakConnection, Action`1 wrapCloseInAction)
   at Microsoft.Data.SqlClient.SqlInternalConnection.OnError(SqlException exception, Boolean breakConnection, Action`1 wrapCloseInAction)
   at Microsoft.Data.SqlClient.TdsParser.ThrowExceptionAndWarning(TdsParserStateObject stateObj, Boolean callerHasConnectionLock, Boolean asyncClose)
   at Microsoft.Data.SqlClient.TdsParser.TryRun(RunBehavior runBehavior, SqlCommand cmdHandler, SqlDataReader dataStream, BulkCopySimpleResultSet bulkCopyHandler, TdsParserStateObject stateObj, Boolean& dataReady)
   at Microsoft.Data.SqlClient.SqlDataReader.TryConsumeMetaData()
   at Microsoft.Data.SqlClient.SqlDataReader.get_MetaData()
   at Microsoft.Data.SqlClient.SqlCommand.FinishExecuteReader(SqlDataReader ds, RunBehavior runBehavior, String resetOptionsString, Boolean isInternal, Boolean forDescribeParameterEncryption, Boolean shouldCacheForAlwaysEncrypted)
   at Microsoft.Data.SqlClient.SqlCommand.RunExecuteReaderTds(CommandBehavior cmdBehavior, RunBehavior runBehavior, Boolean returnStream, Boolean isAsync, Int32 timeout, Task& task, Boolean asyncWrite, Boolean inRetry, SqlDataReader ds, Boolean describeParameterEncryptionRequest)
   at Microsoft.Data.SqlClient.SqlCommand.RunExecuteReader(CommandBehavior cmdBehavior, RunBehavior runBehavior, Boolean returnStream, TaskCompletionSource`1 completion, Int32 timeout, Task& task, Boolean& usedCache, Boolean asyncWrite, Boolean inRetry, String method)
   at Microsoft.Data.SqlClient.SqlCommand.RunExecuteReader(CommandBehavior cmdBehavior, RunBehavior runBehavior, Boolean returnStream, String method)
   at Microsoft.Data.SqlClient.SqlCommand.ExecuteReader(CommandBehavior behavior)
   at Microsoft.Data.SqlClient.SqlCommand.ExecuteDbDataReader(CommandBehavior behavior)
   at System.Data.Common.DbCommand.ExecuteReader()
   at Microsoft.EntityFrameworkCore.Storage.RelationalCommand.ExecuteReader(RelationalCommandParameterObject parameterObject)
   at Microsoft.EntityFrameworkCore.Query.Internal.QueryingEnumerable`1.Enumerator.InitializeReader(DbContext _, Boolean result)
   at Microsoft.EntityFrameworkCore.SqlServer.Storage.Internal.SqlServerExecutionStrategy.Execute[TState,TResult](TState state, Func`3 operation, Func`3 verifySucceeded)
   at Microsoft.EntityFrameworkCore.Query.Internal.QueryingEnumerable`1.Enumerator.MoveNext()
ClientConnectionId:600c2508-7655-42d8-8565-058ca658b774
Error Number:208,State:1,Class:16
Microsoft.Data.SqlClient.SqlException (0x80131904): Invalid object name 'Clients'.
   at Microsoft.Data.SqlClient.SqlConnection.OnError(SqlException exception, Boolean breakConnection, Action`1 wrapCloseInAction)
   at Microsoft.Data.SqlClient.SqlInternalConnection.OnError(SqlException exception, Boolean breakConnection, Action`1 wrapCloseInAction)
   at Microsoft.Data.SqlClient.TdsParser.ThrowExceptionAndWarning(TdsParserStateObject stateObj, Boolean callerHasConnectionLock, Boolean asyncClose)
   at Microsoft.Data.SqlClient.TdsParser.TryRun(RunBehavior runBehavior, SqlCommand cmdHandler, SqlDataReader dataStream, BulkCopySimpleResultSet bulkCopyHandler, TdsParserStateObject stateObj, Boolean& dataReady)
   at Microsoft.Data.SqlClient.SqlDataReader.TryConsumeMetaData()
   at Microsoft.Data.SqlClient.SqlDataReader.get_MetaData()
   at Microsoft.Data.SqlClient.SqlCommand.FinishExecuteReader(SqlDataReader ds, RunBehavior runBehavior, String resetOptionsString, Boolean isInternal, Boolean forDescribeParameterEncryption, Boolean shouldCacheForAlwaysEncrypted)
   at Microsoft.Data.SqlClient.SqlCommand.RunExecuteReaderTds(CommandBehavior cmdBehavior, RunBehavior runBehavior, Boolean returnStream, Boolean isAsync, Int32 timeout, Task& task, Boolean asyncWrite, Boolean inRetry, SqlDataReader ds, Boolean describeParameterEncryptionRequest)
   at Microsoft.Data.SqlClient.SqlCommand.RunExecuteReader(CommandBehavior cmdBehavior, RunBehavior runBehavior, Boolean returnStream, TaskCompletionSource`1 completion, Int32 timeout, Task& task, Boolean& usedCache, Boolean asyncWrite, Boolean inRetry, String method)
   at Microsoft.Data.SqlClient.SqlCommand.RunExecuteReader(CommandBehavior cmdBehavior, RunBehavior runBehavior, Boolean returnStream, String method)
   at Microsoft.Data.SqlClient.SqlCommand.ExecuteReader(CommandBehavior behavior)
   at Microsoft.Data.SqlClient.SqlCommand.ExecuteDbDataReader(CommandBehavior behavior)
   at System.Data.Common.DbCommand.ExecuteReader()
   at Microsoft.EntityFrameworkCore.Storage.RelationalCommand.ExecuteReader(RelationalCommandParameterObject parameterObject)
   at Microsoft.EntityFrameworkCore.Query.Internal.QueryingEnumerable`1.Enumerator.InitializeReader(DbContext _, Boolean result)
   at Microsoft.EntityFrameworkCore.SqlServer.Storage.Internal.SqlServerExecutionStrategy.Execute[TState,TResult](TState state, Func`3 operation, Func`3 verifySucceeded)
   at Microsoft.EntityFrameworkCore.Query.Internal.QueryingEnumerable`1.Enumerator.MoveNext()
ClientConnectionId:600c2508-7655-42d8-8565-058ca658b774
Error Number:208,State:1,Class:16
2020-09-02 22:25:07,769 [9] ERROR Microsoft.EntityFrameworkCore.Database.Command - Failed executing DbCommand (5ms) [Parameters=[], CommandType='Text', CommandTimeout='30']
CREATE TABLE [ApiResources] (
    [Id] int NOT NULL IDENTITY,
    [Enabled] bit NOT NULL,
    [Name] nvarchar(200) NOT NULL,
    [DisplayName] nvarchar(200) NULL,
    [Description] nvarchar(1000) NULL,
    [AllowedAccessTokenSigningAlgorithms] nvarchar(100) NULL,
    [ShowInDiscoveryDocument] bit NOT NULL,
    [Created] datetime2 NOT NULL,
    [Updated] datetime2 NULL,
    [LastAccessed] datetime2 NULL,
    [NonEditable] bit NOT NULL,
    CONSTRAINT [PK_ApiResources] PRIMARY KEY ([Id])
);
GO


CREATE TABLE [ApiScopes] (
    [Id] int NOT NULL IDENTITY,
    [Enabled] bit NOT NULL,
    [Name] nvarchar(200) NOT NULL,
    [DisplayName] nvarchar(200) NULL,
    [Description] nvarchar(1000) NULL,
    [Required] bit NOT NULL,
    [Emphasize] bit NOT NULL,
    [ShowInDiscoveryDocument] bit NOT NULL,
    CONSTRAINT [PK_ApiScopes] PRIMARY KEY ([Id])
);
GO


CREATE TABLE [Clients] (
    [Id] int NOT NULL IDENTITY,
    [Enabled] bit NOT NULL,
    [ClientId] nvarchar(200) NOT NULL,
    [ProtocolType] nvarchar(200) NOT NULL,
    [RequireClientSecret] bit NOT NULL,
    [ClientName] nvarchar(200) NULL,
    [Description] nvarchar(1000) NULL,
    [ClientUri] nvarchar(2000) NULL,
    [LogoUri] nvarchar(2000) NULL,
    [RequireConsent] bit NOT NULL,
    [AllowRememberConsent] bit NOT NULL,
    [AlwaysIncludeUserClaimsInIdToken] bit NOT NULL,
    [RequirePkce] bit NOT NULL,
    [AllowPlainTextPkce] bit NOT NULL,
    [RequireRequestObject] bit NOT NULL,
    [AllowAccessTokensViaBrowser] bit NOT NULL,
    [FrontChannelLogoutUri] nvarchar(2000) NULL,
    [FrontChannelLogoutSessionRequired] bit NOT NULL,
    [BackChannelLogoutUri] nvarchar(2000) NULL,
    [BackChannelLogoutSessionRequired] bit NOT NULL,
    [AllowOfflineAccess] bit NOT NULL,
    [IdentityTokenLifetime] int NOT NULL,
    [AllowedIdentityTokenSigningAlgorithms] nvarchar(100) NULL,
    [AccessTokenLifetime] int NOT NULL,
    [AuthorizationCodeLifetime] int NOT NULL,
    [ConsentLifetime] int NULL,
    [AbsoluteRefreshTokenLifetime] int NOT NULL,
    [SlidingRefreshTokenLifetime] int NOT NULL,
    [RefreshTokenUsage] int NOT NULL,
    [UpdateAccessTokenClaimsOnRefresh] bit NOT NULL,
    [RefreshTokenExpiration] int NOT NULL,
    [AccessTokenType] int NOT NULL,
    [EnableLocalLogin] bit NOT NULL,
    [IncludeJwtId] bit NOT NULL,
    [AlwaysSendClientClaims] bit NOT NULL,
    [ClientClaimsPrefix] nvarchar(200) NULL,
    [PairWiseSubjectSalt] nvarchar(200) NULL,
    [Created] datetime2 NOT NULL,
    [Updated] datetime2 NULL,
    [LastAccessed] datetime2 NULL,
    [UserSsoLifetime] int NULL,
    [UserCodeType] nvarchar(100) NULL,
    [DeviceCodeLifetime] int NOT NULL,
    [NonEditable] bit NOT NULL,
    CONSTRAINT [PK_Clients] PRIMARY KEY ([Id])
);
GO


CREATE TABLE [IdentityResources] (
    [Id] int NOT NULL IDENTITY,
    [Enabled] bit NOT NULL,
    [Name] nvarchar(200) NOT NULL,
    [DisplayName] nvarchar(200) NULL,
    [Description] nvarchar(1000) NULL,
    [Required] bit NOT NULL,
    [Emphasize] bit NOT NULL,
    [ShowInDiscoveryDocument] bit NOT NULL,
    [Created] datetime2 NOT NULL,
    [Updated] datetime2 NULL,
    [NonEditable] bit NOT NULL,
    CONSTRAINT [PK_IdentityResources] PRIMARY KEY ([Id])
);
GO


CREATE TABLE [ApiResourceClaims] (
    [Id] int NOT NULL IDENTITY,
    [Type] nvarchar(200) NOT NULL,
    [ApiResourceId] int NOT NULL,
    CONSTRAINT [PK_ApiResourceClaims] PRIMARY KEY ([Id]),
    CONSTRAINT [FK_ApiResourceClaims_ApiResources_ApiResourceId] FOREIGN KEY ([ApiResourceId]) REFERENCES [ApiResources] ([Id]) ON DELETE CASCADE
);
GO


CREATE TABLE [ApiResourceProperties] (
    [Id] int NOT NULL IDENTITY,
    [Key] nvarchar(250) NOT NULL,
    [Value] nvarchar(2000) NOT NULL,
    [ApiResourceId] int NOT NULL,
    CONSTRAINT [PK_ApiResourceProperties] PRIMARY KEY ([Id]),
    CONSTRAINT [FK_ApiResourceProperties_ApiResources_ApiResourceId] FOREIGN KEY ([ApiResourceId]) REFERENCES [ApiResources] ([Id]) ON DELETE CASCADE
);
GO


CREATE TABLE [ApiResourceScopes] (
    [Id] int NOT NULL IDENTITY,
    [Scope] nvarchar(200) NOT NULL,
    [ApiResourceId] int NOT NULL,
    CONSTRAINT [PK_ApiResourceScopes] PRIMARY KEY ([Id]),
    CONSTRAINT [FK_ApiResourceScopes_ApiResources_ApiResourceId] FOREIGN KEY ([ApiResourceId]) REFERENCES [ApiResources] ([Id]) ON DELETE CASCADE
);
GO


CREATE TABLE [ApiResourceSecrets] (
    [Id] int NOT NULL IDENTITY,
    [Description] nvarchar(1000) NULL,
    [Value] nvarchar(4000) NOT NULL,
    [Expiration] datetime2 NULL,
    [Type] nvarchar(250) NOT NULL,
    [Created] datetime2 NOT NULL,
    [ApiResourceId] int NOT NULL,
    CONSTRAINT [PK_ApiResourceSecrets] PRIMARY KEY ([Id]),
    CONSTRAINT [FK_ApiResourceSecrets_ApiResources_ApiResourceId] FOREIGN KEY ([ApiResourceId]) REFERENCES [ApiResources] ([Id]) ON DELETE CASCADE
);
GO


CREATE TABLE [ApiScopeClaims] (
    [Id] int NOT NULL IDENTITY,
    [Type] nvarchar(200) NOT NULL,
    [ScopeId] int NOT NULL,
    CONSTRAINT [PK_ApiScopeClaims] PRIMARY KEY ([Id]),
    CONSTRAINT [FK_ApiScopeClaims_ApiScopes_ScopeId] FOREIGN KEY ([ScopeId]) REFERENCES [ApiScopes] ([Id]) ON DELETE CASCADE
);
GO


CREATE TABLE [ApiScopeProperties] (
    [Id] int NOT NULL IDENTITY,
    [Key] nvarchar(250) NOT NULL,
    [Value] nvarchar(2000) NOT NULL,
    [ScopeId] int NOT NULL,
    CONSTRAINT [PK_ApiScopeProperties] PRIMARY KEY ([Id]),
    CONSTRAINT [FK_ApiScopeProperties_ApiScopes_ScopeId] FOREIGN KEY ([ScopeId]) REFERENCES [ApiScopes] ([Id]) ON DELETE CASCADE
);
GO


CREATE TABLE [ClientClaims] (
    [Id] int NOT NULL IDENTITY,
    [Type] nvarchar(250) NOT NULL,
    [Value] nvarchar(250) NOT NULL,
    [ClientId] int NOT NULL,
    CONSTRAINT [PK_ClientClaims] PRIMARY KEY ([Id]),
    CONSTRAINT [FK_ClientClaims_Clients_ClientId] FOREIGN KEY ([ClientId]) REFERENCES [Clients] ([Id]) ON DELETE CASCADE
);
GO


CREATE TABLE [ClientCorsOrigins] (
    [Id] int NOT NULL IDENTITY,
    [Origin] nvarchar(150) NOT NULL,
    [ClientId] int NOT NULL,
    CONSTRAINT [PK_ClientCorsOrigins] PRIMARY KEY ([Id]),
    CONSTRAINT [FK_ClientCorsOrigins_Clients_ClientId] FOREIGN KEY ([ClientId]) REFERENCES [Clients] ([Id]) ON DELETE CASCADE
);
GO


CREATE TABLE [ClientGrantTypes] (
    [Id] int NOT NULL IDENTITY,
    [GrantType] nvarchar(250) NOT NULL,
    [ClientId] int NOT NULL,
    CONSTRAINT [PK_ClientGrantTypes] PRIMARY KEY ([Id]),
    CONSTRAINT [FK_ClientGrantTypes_Clients_ClientId] FOREIGN KEY ([ClientId]) REFERENCES [Clients] ([Id]) ON DELETE CASCADE
);
GO


CREATE TABLE [ClientIdPRestrictions] (
    [Id] int NOT NULL IDENTITY,
    [Provider] nvarchar(200) NOT NULL,
    [ClientId] int NOT NULL,
    CONSTRAINT [PK_ClientIdPRestrictions] PRIMARY KEY ([Id]),
    CONSTRAINT [FK_ClientIdPRestrictions_Clients_ClientId] FOREIGN KEY ([ClientId]) REFERENCES [Clients] ([Id]) ON DELETE CASCADE
);
GO


CREATE TABLE [ClientPostLogoutRedirectUris] (
    [Id] int NOT NULL IDENTITY,
    [PostLogoutRedirectUri] nvarchar(2000) NOT NULL,
    [ClientId] int NOT NULL,
    CONSTRAINT [PK_ClientPostLogoutRedirectUris] PRIMARY KEY ([Id]),
    CONSTRAINT [FK_ClientPostLogoutRedirectUris_Clients_ClientId] FOREIGN KEY ([ClientId]) REFERENCES [Clients] ([Id]) ON DELETE CASCADE
);
GO


CREATE TABLE [ClientProperties] (
    [Id] int NOT NULL IDENTITY,
    [Key] nvarchar(250) NOT NULL,
    [Value] nvarchar(2000) NOT NULL,
    [ClientId] int NOT NULL,
    CONSTRAINT [PK_ClientProperties] PRIMARY KEY ([Id]),
    CONSTRAINT [FK_ClientProperties_Clients_ClientId] FOREIGN KEY ([ClientId]) REFERENCES [Clients] ([Id]) ON DELETE CASCADE
);
GO


CREATE TABLE [ClientRedirectUris] (
    [Id] int NOT NULL IDENTITY,
    [RedirectUri] nvarchar(2000) NOT NULL,
    [ClientId] int NOT NULL,
    CONSTRAINT [PK_ClientRedirectUris] PRIMARY KEY ([Id]),
    CONSTRAINT [FK_ClientRedirectUris_Clients_ClientId] FOREIGN KEY ([ClientId]) REFERENCES [Clients] ([Id]) ON DELETE CASCADE
);
GO


CREATE TABLE [ClientScopes] (
    [Id] int NOT NULL IDENTITY,
    [Scope] nvarchar(200) NOT NULL,
    [ClientId] int NOT NULL,
    CONSTRAINT [PK_ClientScopes] PRIMARY KEY ([Id]),
    CONSTRAINT [FK_ClientScopes_Clients_ClientId] FOREIGN KEY ([ClientId]) REFERENCES [Clients] ([Id]) ON DELETE CASCADE
);
GO


CREATE TABLE [ClientSecrets] (
    [Id] int NOT NULL IDENTITY,
    [Description] nvarchar(2000) NULL,
    [Value] nvarchar(4000) NOT NULL,
    [Expiration] datetime2 NULL,
    [Type] nvarchar(250) NOT NULL,
    [Created] datetime2 NOT NULL,
    [ClientId] int NOT NULL,
    CONSTRAINT [PK_ClientSecrets] PRIMARY KEY ([Id]),
    CONSTRAINT [FK_ClientSecrets_Clients_ClientId] FOREIGN KEY ([ClientId]) REFERENCES [Clients] ([Id]) ON DELETE CASCADE
);
GO


CREATE TABLE [IdentityResourceClaims] (
    [Id] int NOT NULL IDENTITY,
    [Type] nvarchar(200) NOT NULL,
    [IdentityResourceId] int NOT NULL,
    CONSTRAINT [PK_IdentityResourceClaims] PRIMARY KEY ([Id]),
    CONSTRAINT [FK_IdentityResourceClaims_IdentityResources_IdentityResourceId] FOREIGN KEY ([IdentityResourceId]) REFERENCES [IdentityResources] ([Id]) ON DELETE CASCADE
);
GO


CREATE TABLE [IdentityResourceProperties] (
    [Id] int NOT NULL IDENTITY,
    [Key] nvarchar(250) NOT NULL,
    [Value] nvarchar(2000) NOT NULL,
    [IdentityResourceId] int NOT NULL,
    CONSTRAINT [PK_IdentityResourceProperties] PRIMARY KEY ([Id]),
    CONSTRAINT [FK_IdentityResourceProperties_IdentityResources_IdentityResourceId] FOREIGN KEY ([IdentityResourceId]) REFERENCES [IdentityResources] ([Id]) ON DELETE CASCADE
);
GO


CREATE INDEX [IX_ApiResourceClaims_ApiResourceId] ON [ApiResourceClaims] ([ApiResourceId]);
GO


CREATE INDEX [IX_ApiResourceProperties_ApiResourceId] ON [ApiResourceProperties] ([ApiResourceId]);
GO


CREATE UNIQUE INDEX [IX_ApiResources_Name] ON [ApiResources] ([Name]);
GO


CREATE INDEX [IX_ApiResourceScopes_ApiResourceId] ON [ApiResourceScopes] ([ApiResourceId]);
GO


CREATE INDEX [IX_ApiResourceSecrets_ApiResourceId] ON [ApiResourceSecrets] ([ApiResourceId]);
GO


CREATE INDEX [IX_ApiScopeClaims_ScopeId] ON [ApiScopeClaims] ([ScopeId]);
GO


CREATE INDEX [IX_ApiScopeProperties_ScopeId] ON [ApiScopeProperties] ([ScopeId]);
GO


CREATE UNIQUE INDEX [IX_ApiScopes_Name] ON [ApiScopes] ([Name]);
GO


CREATE INDEX [IX_ClientClaims_ClientId] ON [ClientClaims] ([ClientId]);
GO


CREATE INDEX [IX_ClientCorsOrigins_ClientId] ON [ClientCorsOrigins] ([ClientId]);
GO


CREATE INDEX [IX_ClientGrantTypes_ClientId] ON [ClientGrantTypes] ([ClientId]);
GO


CREATE INDEX [IX_ClientIdPRestrictions_ClientId] ON [ClientIdPRestrictions] ([ClientId]);
GO


CREATE INDEX [IX_ClientPostLogoutRedirectUris_ClientId] ON [ClientPostLogoutRedirectUris] ([ClientId]);
GO


CREATE INDEX [IX_ClientProperties_ClientId] ON [ClientProperties] ([ClientId]);
GO


CREATE INDEX [IX_ClientRedirectUris_ClientId] ON [ClientRedirectUris] ([ClientId]);
GO


CREATE UNIQUE INDEX [IX_Clients_ClientId] ON [Clients] ([ClientId]);
GO


CREATE INDEX [IX_ClientScopes_ClientId] ON [ClientScopes] ([ClientId]);
GO


CREATE INDEX [IX_ClientSecrets_ClientId] ON [ClientSecrets] ([ClientId]);
GO


CREATE INDEX [IX_IdentityResourceClaims_IdentityResourceId] ON [IdentityResourceClaims] ([IdentityResourceId]);
GO


CREATE INDEX [IX_IdentityResourceProperties_IdentityResourceId] ON [IdentityResourceProperties] ([IdentityResourceId]);
GO


CREATE UNIQUE INDEX [IX_IdentityResources_Name] ON [IdentityResources] ([Name]);
GO
2020-09-02 22:25:54,258 [8] ERROR Microsoft.EntityFrameworkCore.Database.Command - Failed executing DbCommand (6ms) [Parameters=[], CommandType='Text', CommandTimeout='30']
SELECT CASE
    WHEN EXISTS (
        SELECT 1
        FROM [AspNetUsers] AS [a]) THEN CAST(1 AS bit)
    ELSE CAST(0 AS bit)
END
2020-09-02 22:25:54,281 [8] ERROR Microsoft.EntityFrameworkCore.Query - An exception occurred while iterating over the results of a query for context type 'Kaneko.IdentityCenter.Data.ApplicationDbContext'.
Microsoft.Data.SqlClient.SqlException (0x80131904): Invalid object name 'AspNetUsers'.
   at Microsoft.Data.SqlClient.SqlConnection.OnError(SqlException exception, Boolean breakConnection, Action`1 wrapCloseInAction)
   at Microsoft.Data.SqlClient.SqlInternalConnection.OnError(SqlException exception, Boolean breakConnection, Action`1 wrapCloseInAction)
   at Microsoft.Data.SqlClient.TdsParser.ThrowExceptionAndWarning(TdsParserStateObject stateObj, Boolean callerHasConnectionLock, Boolean asyncClose)
   at Microsoft.Data.SqlClient.TdsParser.TryRun(RunBehavior runBehavior, SqlCommand cmdHandler, SqlDataReader dataStream, BulkCopySimpleResultSet bulkCopyHandler, TdsParserStateObject stateObj, Boolean& dataReady)
   at Microsoft.Data.SqlClient.SqlDataReader.TryConsumeMetaData()
   at Microsoft.Data.SqlClient.SqlDataReader.get_MetaData()
   at Microsoft.Data.SqlClient.SqlCommand.FinishExecuteReader(SqlDataReader ds, RunBehavior runBehavior, String resetOptionsString, Boolean isInternal, Boolean forDescribeParameterEncryption, Boolean shouldCacheForAlwaysEncrypted)
   at Microsoft.Data.SqlClient.SqlCommand.RunExecuteReaderTds(CommandBehavior cmdBehavior, RunBehavior runBehavior, Boolean returnStream, Boolean isAsync, Int32 timeout, Task& task, Boolean asyncWrite, Boolean inRetry, SqlDataReader ds, Boolean describeParameterEncryptionRequest)
   at Microsoft.Data.SqlClient.SqlCommand.RunExecuteReader(CommandBehavior cmdBehavior, RunBehavior runBehavior, Boolean returnStream, TaskCompletionSource`1 completion, Int32 timeout, Task& task, Boolean& usedCache, Boolean asyncWrite, Boolean inRetry, String method)
   at Microsoft.Data.SqlClient.SqlCommand.RunExecuteReader(CommandBehavior cmdBehavior, RunBehavior runBehavior, Boolean returnStream, String method)
   at Microsoft.Data.SqlClient.SqlCommand.ExecuteReader(CommandBehavior behavior)
   at Microsoft.Data.SqlClient.SqlCommand.ExecuteDbDataReader(CommandBehavior behavior)
   at System.Data.Common.DbCommand.ExecuteReader()
   at Microsoft.EntityFrameworkCore.Storage.RelationalCommand.ExecuteReader(RelationalCommandParameterObject parameterObject)
   at Microsoft.EntityFrameworkCore.Query.Internal.QueryingEnumerable`1.Enumerator.InitializeReader(DbContext _, Boolean result)
   at Microsoft.EntityFrameworkCore.SqlServer.Storage.Internal.SqlServerExecutionStrategy.Execute[TState,TResult](TState state, Func`3 operation, Func`3 verifySucceeded)
   at Microsoft.EntityFrameworkCore.Query.Internal.QueryingEnumerable`1.Enumerator.MoveNext()
ClientConnectionId:717ea261-bebd-4d9d-8069-815a1e325e7f
Error Number:208,State:1,Class:16
Microsoft.Data.SqlClient.SqlException (0x80131904): Invalid object name 'AspNetUsers'.
   at Microsoft.Data.SqlClient.SqlConnection.OnError(SqlException exception, Boolean breakConnection, Action`1 wrapCloseInAction)
   at Microsoft.Data.SqlClient.SqlInternalConnection.OnError(SqlException exception, Boolean breakConnection, Action`1 wrapCloseInAction)
   at Microsoft.Data.SqlClient.TdsParser.ThrowExceptionAndWarning(TdsParserStateObject stateObj, Boolean callerHasConnectionLock, Boolean asyncClose)
   at Microsoft.Data.SqlClient.TdsParser.TryRun(RunBehavior runBehavior, SqlCommand cmdHandler, SqlDataReader dataStream, BulkCopySimpleResultSet bulkCopyHandler, TdsParserStateObject stateObj, Boolean& dataReady)
   at Microsoft.Data.SqlClient.SqlDataReader.TryConsumeMetaData()
   at Microsoft.Data.SqlClient.SqlDataReader.get_MetaData()
   at Microsoft.Data.SqlClient.SqlCommand.FinishExecuteReader(SqlDataReader ds, RunBehavior runBehavior, String resetOptionsString, Boolean isInternal, Boolean forDescribeParameterEncryption, Boolean shouldCacheForAlwaysEncrypted)
   at Microsoft.Data.SqlClient.SqlCommand.RunExecuteReaderTds(CommandBehavior cmdBehavior, RunBehavior runBehavior, Boolean returnStream, Boolean isAsync, Int32 timeout, Task& task, Boolean asyncWrite, Boolean inRetry, SqlDataReader ds, Boolean describeParameterEncryptionRequest)
   at Microsoft.Data.SqlClient.SqlCommand.RunExecuteReader(CommandBehavior cmdBehavior, RunBehavior runBehavior, Boolean returnStream, TaskCompletionSource`1 completion, Int32 timeout, Task& task, Boolean& usedCache, Boolean asyncWrite, Boolean inRetry, String method)
   at Microsoft.Data.SqlClient.SqlCommand.RunExecuteReader(CommandBehavior cmdBehavior, RunBehavior runBehavior, Boolean returnStream, String method)
   at Microsoft.Data.SqlClient.SqlCommand.ExecuteReader(CommandBehavior behavior)
   at Microsoft.Data.SqlClient.SqlCommand.ExecuteDbDataReader(CommandBehavior behavior)
   at System.Data.Common.DbCommand.ExecuteReader()
   at Microsoft.EntityFrameworkCore.Storage.RelationalCommand.ExecuteReader(RelationalCommandParameterObject parameterObject)
   at Microsoft.EntityFrameworkCore.Query.Internal.QueryingEnumerable`1.Enumerator.InitializeReader(DbContext _, Boolean result)
   at Microsoft.EntityFrameworkCore.SqlServer.Storage.Internal.SqlServerExecutionStrategy.Execute[TState,TResult](TState state, Func`3 operation, Func`3 verifySucceeded)
   at Microsoft.EntityFrameworkCore.Query.Internal.QueryingEnumerable`1.Enumerator.MoveNext()
ClientConnectionId:717ea261-bebd-4d9d-8069-815a1e325e7f
Error Number:208,State:1,Class:16
2020-09-02 22:26:58,797 [8] ERROR Microsoft.EntityFrameworkCore.Database.Command - Failed executing DbCommand (531ms) [Parameters=[], CommandType='Text', CommandTimeout='60']
CREATE DATABASE [kaneko_IdentityCenter];
